04:52:12.382 INFO  [33mLoading commands...[39m 
04:52:12.404 DEBUG [31mSkipping command backup. Disabled![39m 
04:52:12.424 DEBUG [31mSkipping command muter. Disabled![39m 
04:52:12.424 DEBUG [33mSkipping slash command muter. Disabled![39m 
04:52:12.431 DEBUG [33mSkipping slash command avatar. Disabled![39m 
04:52:12.432 DEBUG [33mSkipping slash command botinvite. Disabled![39m 
04:52:12.434 DEBUG [33mSkipping slash command botstats. Disabled![39m 
04:52:12.435 DEBUG [33mSkipping slash command channelinfo. Disabled![39m 
04:52:12.436 DEBUG [33mSkipping slash command emojiinfo. Disabled![39m 
04:52:12.437 DEBUG [33mSkipping slash command guildinfo. Disabled![39m 
04:52:12.442 DEBUG [31mSkipping command bot. Disabled![39m 
04:52:12.442 DEBUG [31mSkipping command info. Disabled![39m 
04:52:12.443 DEBUG [33mSkipping slash command uptime. Disabled![39m 
04:52:12.443 DEBUG [33mSkipping slash command userinfo. Disabled![39m 
04:52:12.452 DEBUG [33mSkipping slash command deafen. Disabled![39m 
04:52:12.453 DEBUG [33mSkipping slash command disconnect. Disabled![39m 
04:52:12.454 DEBUG [33mSkipping slash command move. Disabled![39m 
04:52:12.456 DEBUG [33mSkipping slash command clear. Disabled![39m 
04:52:12.456 DEBUG [33mSkipping slash command clearattach. Disabled![39m 
04:52:12.457 DEBUG [33mSkipping slash command clearbots. Disabled![39m 
04:52:12.457 DEBUG [33mSkipping slash command clearlinks. Disabled![39m 
04:52:12.458 DEBUG [33mSkipping slash command clearspecifiedmessage. Disabled![39m 
04:52:12.458 DEBUG [33mSkipping slash command clearuser. Disabled![39m 
04:52:12.460 DEBUG [31mSkipping command clear. Disabled![39m 
04:52:12.460 DEBUG [31mSkipping command voice. Disabled![39m 
04:52:12.461 DEBUG [33mSkipping slash command undeafen. Disabled![39m 
04:52:12.462 DEBUG [33mSkipping slash command unmute. Disabled![39m 
04:52:12.462 DEBUG [33mSkipping slash command vmute. Disabled![39m 
04:52:12.463 DEBUG [33mSkipping slash command vunmute. Disabled![39m 
04:52:12.464 DEBUG [33mSkipping slash command kickall. Disabled![39m 
04:52:12.465 DEBUG [33mSkipping slash command run_agregation_script.flp=1@migratefrom=5. Disabled![39m 
04:52:12.466 DEBUG [33mSkipping slash command addpremium. Disabled![39m 
04:52:12.466 DEBUG [33mSkipping slash command reload. Disabled![39m 
04:52:12.474 DEBUG [33mSkipping slash command poststats. Disabled![39m 
04:52:12.475 DEBUG [33mSkipping slash command welcome-test. Disabled![39m 
04:52:12.484 DEBUG [33mSkipping slash command whitelist. Disabled![39m 
04:52:12.484 INFO  [32mLoaded 88 commands[39m 
04:52:12.485 INFO  [32mLoaded 65 slash commands[39m 
04:52:12.485 INFO  [33mLoading contexts...[39m 
04:52:12.487 INFO  [32mLoaded 2 USER contexts[39m 
04:52:12.487 INFO  [32mLoaded 0 MESSAGE contexts[39m 
04:52:12.489 INFO  [33mLoading events...[39m 
04:52:12.503 INFO  [32mLoaded 15 events. Success (15) Failed (0)[39m 
04:52:12.503 INFO  [32mValidating config.js and environment variables[39m 
04:52:12.508 INFO  [33mConnecting to MongoDb...[39m 
04:52:18.083 INFO  [32mMongoose: Database connection established [39m 
04:52:24.300 INFO  [33mLoading commands...[39m 
04:52:24.322 DEBUG [31mSkipping command backup. Disabled![39m 
04:52:24.342 DEBUG [31mSkipping command muter. Disabled![39m 
04:52:24.342 DEBUG [33mSkipping slash command muter. Disabled![39m 
04:52:24.349 DEBUG [33mSkipping slash command avatar. Disabled![39m 
04:52:24.350 DEBUG [33mSkipping slash command botinvite. Disabled![39m 
04:52:24.352 DEBUG [33mSkipping slash command botstats. Disabled![39m 
04:52:24.353 DEBUG [33mSkipping slash command channelinfo. Disabled![39m 
04:52:24.354 DEBUG [33mSkipping slash command emojiinfo. Disabled![39m 
04:52:24.355 DEBUG [33mSkipping slash command guildinfo. Disabled![39m 
04:52:24.360 DEBUG [31mSkipping command bot. Disabled![39m 
04:52:24.361 DEBUG [31mSkipping command info. Disabled![39m 
04:52:24.361 DEBUG [33mSkipping slash command uptime. Disabled![39m 
04:52:24.362 DEBUG [33mSkipping slash command userinfo. Disabled![39m 
04:52:24.371 DEBUG [33mSkipping slash command deafen. Disabled![39m 
04:52:24.372 DEBUG [33mSkipping slash command disconnect. Disabled![39m 
04:52:24.373 DEBUG [33mSkipping slash command move. Disabled![39m 
04:52:24.374 DEBUG [33mSkipping slash command clear. Disabled![39m 
04:52:24.375 DEBUG [33mSkipping slash command clearattach. Disabled![39m 
04:52:24.375 DEBUG [33mSkipping slash command clearbots. Disabled![39m 
04:52:24.376 DEBUG [33mSkipping slash command clearlinks. Disabled![39m 
04:52:24.376 DEBUG [33mSkipping slash command clearspecifiedmessage. Disabled![39m 
04:52:24.377 DEBUG [33mSkipping slash command clearuser. Disabled![39m 
04:52:24.379 DEBUG [31mSkipping command clear. Disabled![39m 
04:52:24.379 DEBUG [31mSkipping command voice. Disabled![39m 
04:52:24.380 DEBUG [33mSkipping slash command undeafen. Disabled![39m 
04:52:24.381 DEBUG [33mSkipping slash command unmute. Disabled![39m 
04:52:24.381 DEBUG [33mSkipping slash command vmute. Disabled![39m 
04:52:24.382 DEBUG [33mSkipping slash command vunmute. Disabled![39m 
04:52:24.383 DEBUG [33mSkipping slash command kickall. Disabled![39m 
04:52:24.384 DEBUG [33mSkipping slash command run_agregation_script.flp=1@migratefrom=5. Disabled![39m 
04:52:24.385 DEBUG [33mSkipping slash command addpremium. Disabled![39m 
04:52:24.385 DEBUG [33mSkipping slash command reload. Disabled![39m 
04:52:24.393 DEBUG [33mSkipping slash command poststats. Disabled![39m 
04:52:24.393 DEBUG [33mSkipping slash command welcome-test. Disabled![39m 
04:52:24.402 DEBUG [33mSkipping slash command whitelist. Disabled![39m 
04:52:24.403 INFO  [32mLoaded 88 commands[39m 
04:52:24.403 INFO  [32mLoaded 65 slash commands[39m 
04:52:24.404 INFO  [33mLoading contexts...[39m 
04:52:24.405 INFO  [32mLoaded 2 USER contexts[39m 
04:52:24.406 INFO  [32mLoaded 0 MESSAGE contexts[39m 
04:52:24.407 INFO  [33mLoading events...[39m 
04:52:24.420 INFO  [32mLoaded 15 events. Success (15) Failed (0)[39m 
04:52:24.421 INFO  [32mValidating config.js and environment variables[39m 
04:52:24.426 INFO  [33mConnecting to MongoDb...[39m 
04:52:29.879 INFO  [32mMongoose: Database connection established [39m 
04:52:41.067 INFO  [33mLoading commands...[39m 
04:52:41.088 DEBUG [31mSkipping command backup. Disabled![39m 
04:52:41.108 DEBUG [31mSkipping command muter. Disabled![39m 
04:52:41.108 DEBUG [33mSkipping slash command muter. Disabled![39m 
04:52:41.115 DEBUG [33mSkipping slash command avatar. Disabled![39m 
04:52:41.116 DEBUG [33mSkipping slash command botinvite. Disabled![39m 
04:52:41.118 DEBUG [33mSkipping slash command botstats. Disabled![39m 
04:52:41.119 DEBUG [33mSkipping slash command channelinfo. Disabled![39m 
04:52:41.120 DEBUG [33mSkipping slash command emojiinfo. Disabled![39m 
04:52:41.121 DEBUG [33mSkipping slash command guildinfo. Disabled![39m 
04:52:41.126 DEBUG [31mSkipping command bot. Disabled![39m 
04:52:41.126 DEBUG [31mSkipping command info. Disabled![39m 
04:52:41.127 DEBUG [33mSkipping slash command uptime. Disabled![39m 
04:52:41.127 DEBUG [33mSkipping slash command userinfo. Disabled![39m 
04:52:41.135 DEBUG [33mSkipping slash command deafen. Disabled![39m 
04:52:41.136 DEBUG [33mSkipping slash command disconnect. Disabled![39m 
04:52:41.137 DEBUG [33mSkipping slash command move. Disabled![39m 
04:52:41.139 DEBUG [33mSkipping slash command clear. Disabled![39m 
04:52:41.139 DEBUG [33mSkipping slash command clearattach. Disabled![39m 
04:52:41.140 DEBUG [33mSkipping slash command clearbots. Disabled![39m 
04:52:41.140 DEBUG [33mSkipping slash command clearlinks. Disabled![39m 
04:52:41.141 DEBUG [33mSkipping slash command clearspecifiedmessage. Disabled![39m 
04:52:41.141 DEBUG [33mSkipping slash command clearuser. Disabled![39m 
04:52:41.143 DEBUG [31mSkipping command clear. Disabled![39m 
04:52:41.143 DEBUG [31mSkipping command voice. Disabled![39m 
04:52:41.144 DEBUG [33mSkipping slash command undeafen. Disabled![39m 
04:52:41.145 DEBUG [33mSkipping slash command unmute. Disabled![39m 
04:52:41.145 DEBUG [33mSkipping slash command vmute. Disabled![39m 
04:52:41.146 DEBUG [33mSkipping slash command vunmute. Disabled![39m 
04:52:41.147 DEBUG [33mSkipping slash command kickall. Disabled![39m 
04:52:41.148 DEBUG [33mSkipping slash command run_agregation_script.flp=1@migratefrom=5. Disabled![39m 
04:52:41.149 DEBUG [33mSkipping slash command addpremium. Disabled![39m 
04:52:41.149 DEBUG [33mSkipping slash command reload. Disabled![39m 
04:52:41.157 DEBUG [33mSkipping slash command poststats. Disabled![39m 
04:52:41.157 DEBUG [33mSkipping slash command welcome-test. Disabled![39m 
04:52:41.166 DEBUG [33mSkipping slash command whitelist. Disabled![39m 
04:52:41.166 INFO  [32mLoaded 88 commands[39m 
04:52:41.167 INFO  [32mLoaded 65 slash commands[39m 
04:52:41.167 INFO  [33mLoading contexts...[39m 
04:52:41.169 INFO  [32mLoaded 2 USER contexts[39m 
04:52:41.169 INFO  [32mLoaded 0 MESSAGE contexts[39m 
04:52:41.170 INFO  [33mLoading events...[39m 
04:52:41.184 INFO  [32mLoaded 15 events. Success (15) Failed (0)[39m 
04:52:41.184 INFO  [32mValidating config.js and environment variables[39m 
04:52:41.189 INFO  [33mConnecting to MongoDb...[39m 
04:52:46.694 INFO  [32mMongoose: Database connection established [39m 
04:54:23.928 INFO  [33mLoading commands...[39m 
04:54:23.951 DEBUG [31mSkipping command backup. Disabled![39m 
04:54:23.971 DEBUG [31mSkipping command muter. Disabled![39m 
04:54:23.971 DEBUG [33mSkipping slash command muter. Disabled![39m 
04:54:23.978 DEBUG [33mSkipping slash command avatar. Disabled![39m 
04:54:23.979 DEBUG [33mSkipping slash command botinvite. Disabled![39m 
04:54:23.981 DEBUG [33mSkipping slash command botstats. Disabled![39m 
04:54:23.982 DEBUG [33mSkipping slash command channelinfo. Disabled![39m 
04:54:23.983 DEBUG [33mSkipping slash command emojiinfo. Disabled![39m 
04:54:23.984 DEBUG [33mSkipping slash command guildinfo. Disabled![39m 
04:54:23.989 DEBUG [31mSkipping command bot. Disabled![39m 
04:54:23.989 DEBUG [31mSkipping command info. Disabled![39m 
04:54:23.990 DEBUG [33mSkipping slash command uptime. Disabled![39m 
04:54:23.990 DEBUG [33mSkipping slash command userinfo. Disabled![39m 
04:54:23.999 DEBUG [33mSkipping slash command deafen. Disabled![39m 
04:54:24.000 DEBUG [33mSkipping slash command disconnect. Disabled![39m 
04:54:24.001 DEBUG [33mSkipping slash command move. Disabled![39m 
04:54:24.002 DEBUG [33mSkipping slash command clear. Disabled![39m 
04:54:24.003 DEBUG [33mSkipping slash command clearattach. Disabled![39m 
04:54:24.003 DEBUG [33mSkipping slash command clearbots. Disabled![39m 
04:54:24.004 DEBUG [33mSkipping slash command clearlinks. Disabled![39m 
04:54:24.004 DEBUG [33mSkipping slash command clearspecifiedmessage. Disabled![39m 
04:54:24.005 DEBUG [33mSkipping slash command clearuser. Disabled![39m 
04:54:24.006 DEBUG [31mSkipping command clear. Disabled![39m 
04:54:24.007 DEBUG [31mSkipping command voice. Disabled![39m 
04:54:24.008 DEBUG [33mSkipping slash command undeafen. Disabled![39m 
04:54:24.009 DEBUG [33mSkipping slash command unmute. Disabled![39m 
04:54:24.009 DEBUG [33mSkipping slash command vmute. Disabled![39m 
04:54:24.010 DEBUG [33mSkipping slash command vunmute. Disabled![39m 
04:54:24.011 DEBUG [33mSkipping slash command kickall. Disabled![39m 
04:54:24.012 DEBUG [33mSkipping slash command run_agregation_script.flp=1@migratefrom=5. Disabled![39m 
04:54:24.013 DEBUG [33mSkipping slash command addpremium. Disabled![39m 
04:54:24.013 DEBUG [33mSkipping slash command reload. Disabled![39m 
04:54:24.021 DEBUG [33mSkipping slash command poststats. Disabled![39m 
04:54:24.021 DEBUG [33mSkipping slash command welcome-test. Disabled![39m 
04:54:24.030 DEBUG [33mSkipping slash command whitelist. Disabled![39m 
04:54:24.031 INFO  [32mLoaded 88 commands[39m 
04:54:24.031 INFO  [32mLoaded 65 slash commands[39m 
04:54:24.031 INFO  [33mLoading contexts...[39m 
04:54:24.033 INFO  [32mLoaded 2 USER contexts[39m 
04:54:24.033 INFO  [32mLoaded 0 MESSAGE contexts[39m 
04:54:24.034 INFO  [33mLoading events...[39m 
04:54:24.048 INFO  [32mLoaded 15 events. Success (15) Failed (0)[39m 
04:54:24.048 INFO  [32mValidating config.js and environment variables[39m 
04:54:24.053 INFO  [33mConnecting to MongoDb...[39m 
04:54:29.574 INFO  [32mMongoose: Database connection established [39m 
04:54:45.988 INFO  [33mLoading commands...[39m 
04:54:46.009 DEBUG [31mSkipping command backup. Disabled![39m 
04:54:46.029 DEBUG [31mSkipping command muter. Disabled![39m 
04:54:46.029 DEBUG [33mSkipping slash command muter. Disabled![39m 
04:54:46.036 DEBUG [33mSkipping slash command avatar. Disabled![39m 
04:54:46.037 DEBUG [33mSkipping slash command botinvite. Disabled![39m 
04:54:46.039 DEBUG [33mSkipping slash command botstats. Disabled![39m 
04:54:46.040 DEBUG [33mSkipping slash command channelinfo. Disabled![39m 
04:54:46.040 DEBUG [33mSkipping slash command emojiinfo. Disabled![39m 
04:54:46.042 DEBUG [33mSkipping slash command guildinfo. Disabled![39m 
04:54:46.046 DEBUG [31mSkipping command bot. Disabled![39m 
04:54:46.047 DEBUG [31mSkipping command info. Disabled![39m 
04:54:46.047 DEBUG [33mSkipping slash command uptime. Disabled![39m 
04:54:46.048 DEBUG [33mSkipping slash command userinfo. Disabled![39m 
04:54:46.056 DEBUG [33mSkipping slash command deafen. Disabled![39m 
04:54:46.057 DEBUG [33mSkipping slash command disconnect. Disabled![39m 
04:54:46.058 DEBUG [33mSkipping slash command move. Disabled![39m 
04:54:46.060 DEBUG [33mSkipping slash command clear. Disabled![39m 
04:54:46.060 DEBUG [33mSkipping slash command clearattach. Disabled![39m 
04:54:46.061 DEBUG [33mSkipping slash command clearbots. Disabled![39m 
04:54:46.061 DEBUG [33mSkipping slash command clearlinks. Disabled![39m 
04:54:46.062 DEBUG [33mSkipping slash command clearspecifiedmessage. Disabled![39m 
04:54:46.062 DEBUG [33mSkipping slash command clearuser. Disabled![39m 
04:54:46.064 DEBUG [31mSkipping command clear. Disabled![39m 
04:54:46.064 DEBUG [31mSkipping command voice. Disabled![39m 
04:54:46.065 DEBUG [33mSkipping slash command undeafen. Disabled![39m 
04:54:46.066 DEBUG [33mSkipping slash command unmute. Disabled![39m 
04:54:46.066 DEBUG [33mSkipping slash command vmute. Disabled![39m 
04:54:46.067 DEBUG [33mSkipping slash command vunmute. Disabled![39m 
04:54:46.070 DEBUG [33mSkipping slash command kickall. Disabled![39m 
04:54:46.070 DEBUG [33mSkipping slash command run_agregation_script.flp=1@migratefrom=5. Disabled![39m 
04:54:46.071 DEBUG [33mSkipping slash command addpremium. Disabled![39m 
04:54:46.072 DEBUG [33mSkipping slash command reload. Disabled![39m 
04:54:46.079 DEBUG [33mSkipping slash command poststats. Disabled![39m 
04:54:46.079 DEBUG [33mSkipping slash command welcome-test. Disabled![39m 
04:54:46.088 DEBUG [33mSkipping slash command whitelist. Disabled![39m 
04:54:46.089 INFO  [32mLoaded 88 commands[39m 
04:54:46.089 INFO  [32mLoaded 65 slash commands[39m 
04:54:46.089 INFO  [33mLoading contexts...[39m 
04:54:46.091 INFO  [32mLoaded 2 USER contexts[39m 
04:54:46.091 INFO  [32mLoaded 0 MESSAGE contexts[39m 
04:54:46.093 INFO  [33mLoading events...[39m 
04:54:46.106 INFO  [32mLoaded 15 events. Success (15) Failed (0)[39m 
04:54:46.106 INFO  [32mValidating config.js and environment variables[39m 
04:54:46.111 INFO  [33mLaunching dashboard[39m 
04:54:46.363 INFO  [33mConnecting to MongoDb...[39m 
04:54:46.366 INFO  Dashboard is listening on port 8080 
04:54:56.120 ERROR Operation `giveaways.find()` buffering timed out after 10000ms
{}
MongooseError: Operation `giveaways.find()` buffering timed out after 10000ms
    at Timeout.<anonymous> (C:\Users\izzyx\Documents\AIO\node_modules\mongoose\lib\drivers\node-mongodb-native\collection.js:198:23)
    at listOnTimeout (node:internal/timers:564:17)
    at process.processTimers (node:internal/timers:507:7) 
04:55:01.946 INFO  [32mMongoose: Database connection established [39m 
04:58:44.456 INFO  [33mLoading commands...[39m 
04:58:44.477 DEBUG [31mSkipping command backup. Disabled![39m 
04:58:44.497 DEBUG [31mSkipping command muter. Disabled![39m 
04:58:44.497 DEBUG [33mSkipping slash command muter. Disabled![39m 
04:58:44.504 DEBUG [33mSkipping slash command avatar. Disabled![39m 
04:58:44.505 DEBUG [33mSkipping slash command botinvite. Disabled![39m 
04:58:44.507 DEBUG [33mSkipping slash command botstats. Disabled![39m 
04:58:44.508 DEBUG [33mSkipping slash command channelinfo. Disabled![39m 
04:58:44.509 DEBUG [33mSkipping slash command emojiinfo. Disabled![39m 
04:58:44.510 DEBUG [33mSkipping slash command guildinfo. Disabled![39m 
04:58:44.515 DEBUG [31mSkipping command bot. Disabled![39m 
04:58:44.515 DEBUG [31mSkipping command info. Disabled![39m 
04:58:44.516 DEBUG [33mSkipping slash command uptime. Disabled![39m 
04:58:44.516 DEBUG [33mSkipping slash command userinfo. Disabled![39m 
04:58:44.525 DEBUG [33mSkipping slash command deafen. Disabled![39m 
04:58:44.525 DEBUG [33mSkipping slash command disconnect. Disabled![39m 
04:58:44.527 DEBUG [33mSkipping slash command move. Disabled![39m 
04:58:44.528 DEBUG [33mSkipping slash command clear. Disabled![39m 
04:58:44.529 DEBUG [33mSkipping slash command clearattach. Disabled![39m 
04:58:44.529 DEBUG [33mSkipping slash command clearbots. Disabled![39m 
04:58:44.529 DEBUG [33mSkipping slash command clearlinks. Disabled![39m 
04:58:44.530 DEBUG [33mSkipping slash command clearspecifiedmessage. Disabled![39m 
04:58:44.530 DEBUG [33mSkipping slash command clearuser. Disabled![39m 
04:58:44.532 DEBUG [31mSkipping command clear. Disabled![39m 
04:58:44.533 DEBUG [31mSkipping command voice. Disabled![39m 
04:58:44.534 DEBUG [33mSkipping slash command undeafen. Disabled![39m 
04:58:44.534 DEBUG [33mSkipping slash command unmute. Disabled![39m 
04:58:44.535 DEBUG [33mSkipping slash command vmute. Disabled![39m 
04:58:44.535 DEBUG [33mSkipping slash command vunmute. Disabled![39m 
04:58:44.537 DEBUG [33mSkipping slash command kickall. Disabled![39m 
04:58:44.537 DEBUG [33mSkipping slash command run_agregation_script.flp=1@migratefrom=5. Disabled![39m 
04:58:44.538 DEBUG [33mSkipping slash command addpremium. Disabled![39m 
04:58:44.539 DEBUG [33mSkipping slash command reload. Disabled![39m 
04:58:44.546 DEBUG [33mSkipping slash command poststats. Disabled![39m 
04:58:44.546 DEBUG [33mSkipping slash command welcome-test. Disabled![39m 
04:58:44.555 DEBUG [33mSkipping slash command whitelist. Disabled![39m 
04:58:44.555 INFO  [32mLoaded 88 commands[39m 
04:58:44.556 INFO  [32mLoaded 65 slash commands[39m 
04:58:44.556 INFO  [33mLoading contexts...[39m 
04:58:44.558 INFO  [32mLoaded 2 USER contexts[39m 
04:58:44.558 INFO  [32mLoaded 0 MESSAGE contexts[39m 
04:58:44.560 INFO  [33mLoading events...[39m 
04:58:44.573 INFO  [32mLoaded 15 events. Success (15) Failed (0)[39m 
04:58:44.574 INFO  [32mValidating config.js and environment variables[39m 
04:58:44.578 INFO  [33mLaunching dashboard[39m 
04:58:44.810 INFO  [33mConnecting to MongoDb...[39m 
04:58:44.814 INFO  Dashboard is listening on port 8080 
04:58:54.593 ERROR Operation `giveaways.find()` buffering timed out after 10000ms
{}
MongooseError: Operation `giveaways.find()` buffering timed out after 10000ms
    at Timeout.<anonymous> (C:\Users\izzyx\Documents\AIO\node_modules\mongoose\lib\drivers\node-mongodb-native\collection.js:198:23)
    at listOnTimeout (node:internal/timers:564:17)
    at process.processTimers (node:internal/timers:507:7) 
04:59:00.559 INFO  [32mMongoose: Database connection established [39m 
05:07:09.655 INFO  [33mLoading commands...[39m 
05:07:09.676 DEBUG [31mSkipping command backup. Disabled![39m 
05:07:09.697 DEBUG [31mSkipping command muter. Disabled![39m 
05:07:09.697 DEBUG [33mSkipping slash command muter. Disabled![39m 
05:07:09.704 DEBUG [33mSkipping slash command avatar. Disabled![39m 
05:07:09.705 DEBUG [33mSkipping slash command botinvite. Disabled![39m 
05:07:09.707 DEBUG [33mSkipping slash command botstats. Disabled![39m 
05:07:09.707 DEBUG [33mSkipping slash command channelinfo. Disabled![39m 
05:07:09.708 DEBUG [33mSkipping slash command emojiinfo. Disabled![39m 
05:07:09.709 DEBUG [33mSkipping slash command guildinfo. Disabled![39m 
05:07:09.714 DEBUG [31mSkipping command bot. Disabled![39m 
05:07:09.715 DEBUG [31mSkipping command info. Disabled![39m 
05:07:09.715 DEBUG [33mSkipping slash command uptime. Disabled![39m 
05:07:09.716 DEBUG [33mSkipping slash command userinfo. Disabled![39m 
05:07:09.724 DEBUG [33mSkipping slash command deafen. Disabled![39m 
05:07:09.725 DEBUG [33mSkipping slash command disconnect. Disabled![39m 
05:07:09.726 DEBUG [33mSkipping slash command move. Disabled![39m 
05:07:09.727 DEBUG [33mSkipping slash command clear. Disabled![39m 
05:07:09.728 DEBUG [33mSkipping slash command clearattach. Disabled![39m 
05:07:09.728 DEBUG [33mSkipping slash command clearbots. Disabled![39m 
05:07:09.729 DEBUG [33mSkipping slash command clearlinks. Disabled![39m 
05:07:09.729 DEBUG [33mSkipping slash command clearspecifiedmessage. Disabled![39m 
05:07:09.730 DEBUG [33mSkipping slash command clearuser. Disabled![39m 
05:07:09.731 DEBUG [31mSkipping command clear. Disabled![39m 
05:07:09.732 DEBUG [31mSkipping command voice. Disabled![39m 
05:07:09.733 DEBUG [33mSkipping slash command undeafen. Disabled![39m 
05:07:09.733 DEBUG [33mSkipping slash command unmute. Disabled![39m 
05:07:09.734 DEBUG [33mSkipping slash command vmute. Disabled![39m 
05:07:09.734 DEBUG [33mSkipping slash command vunmute. Disabled![39m 
05:07:09.736 DEBUG [33mSkipping slash command kickall. Disabled![39m 
05:07:09.736 DEBUG [33mSkipping slash command run_agregation_script.flp=1@migratefrom=5. Disabled![39m 
05:07:09.737 DEBUG [33mSkipping slash command addpremium. Disabled![39m 
05:07:09.738 DEBUG [33mSkipping slash command reload. Disabled![39m 
05:07:09.745 DEBUG [33mSkipping slash command poststats. Disabled![39m 
05:07:09.745 DEBUG [33mSkipping slash command welcome-test. Disabled![39m 
05:07:09.754 DEBUG [33mSkipping slash command whitelist. Disabled![39m 
05:07:09.755 INFO  [32mLoaded 88 commands[39m 
05:07:09.755 INFO  [32mLoaded 65 slash commands[39m 
05:07:09.755 INFO  [33mLoading contexts...[39m 
05:07:09.757 INFO  [32mLoaded 2 USER contexts[39m 
05:07:09.757 INFO  [32mLoaded 0 MESSAGE contexts[39m 
05:07:09.759 INFO  [33mLoading events...[39m 
05:07:09.773 INFO  [32mLoaded 15 events. Success (15) Failed (0)[39m 
05:07:09.773 INFO  [32mValidating config.js and environment variables[39m 
05:07:09.778 INFO  [33mLaunching dashboard[39m 
05:07:10.010 INFO  [33mConnecting to MongoDb...[39m 
05:07:10.013 INFO  Dashboard is listening on port 8080 
05:07:25.668 INFO  [32mMongoose: Database connection established [39m 
05:08:47.600 INFO  [33mLoading commands...[39m 
05:08:47.622 DEBUG [31mSkipping command backup. Disabled![39m 
05:08:47.642 DEBUG [31mSkipping command muter. Disabled![39m 
05:08:47.642 DEBUG [33mSkipping slash command muter. Disabled![39m 
05:08:47.649 DEBUG [33mSkipping slash command avatar. Disabled![39m 
05:08:47.650 DEBUG [33mSkipping slash command botinvite. Disabled![39m 
05:08:47.652 DEBUG [33mSkipping slash command botstats. Disabled![39m 
05:08:47.653 DEBUG [33mSkipping slash command channelinfo. Disabled![39m 
05:08:47.654 DEBUG [33mSkipping slash command emojiinfo. Disabled![39m 
05:08:47.655 DEBUG [33mSkipping slash command guildinfo. Disabled![39m 
05:08:47.659 DEBUG [31mSkipping command bot. Disabled![39m 
05:08:47.660 DEBUG [31mSkipping command info. Disabled![39m 
05:08:47.661 DEBUG [33mSkipping slash command uptime. Disabled![39m 
05:08:47.661 DEBUG [33mSkipping slash command userinfo. Disabled![39m 
05:08:47.669 DEBUG [33mSkipping slash command deafen. Disabled![39m 
05:08:47.670 DEBUG [33mSkipping slash command disconnect. Disabled![39m 
05:08:47.671 DEBUG [33mSkipping slash command move. Disabled![39m 
05:08:47.673 DEBUG [33mSkipping slash command clear. Disabled![39m 
05:08:47.673 DEBUG [33mSkipping slash command clearattach. Disabled![39m 
05:08:47.674 DEBUG [33mSkipping slash command clearbots. Disabled![39m 
05:08:47.674 DEBUG [33mSkipping slash command clearlinks. Disabled![39m 
05:08:47.675 DEBUG [33mSkipping slash command clearspecifiedmessage. Disabled![39m 
05:08:47.675 DEBUG [33mSkipping slash command clearuser. Disabled![39m 
05:08:47.677 DEBUG [31mSkipping command clear. Disabled![39m 
05:08:47.677 DEBUG [31mSkipping command voice. Disabled![39m 
05:08:47.678 DEBUG [33mSkipping slash command undeafen. Disabled![39m 
05:08:47.679 DEBUG [33mSkipping slash command unmute. Disabled![39m 
05:08:47.679 DEBUG [33mSkipping slash command vmute. Disabled![39m 
05:08:47.680 DEBUG [33mSkipping slash command vunmute. Disabled![39m 
05:08:47.681 DEBUG [33mSkipping slash command kickall. Disabled![39m 
05:08:47.682 DEBUG [33mSkipping slash command run_agregation_script.flp=1@migratefrom=5. Disabled![39m 
05:08:47.683 DEBUG [33mSkipping slash command addpremium. Disabled![39m 
05:08:47.683 DEBUG [33mSkipping slash command reload. Disabled![39m 
05:08:47.692 DEBUG [33mSkipping slash command poststats. Disabled![39m 
05:08:47.693 DEBUG [33mSkipping slash command welcome-test. Disabled![39m 
05:08:47.702 DEBUG [33mSkipping slash command whitelist. Disabled![39m 
05:08:47.702 INFO  [32mLoaded 88 commands[39m 
05:08:47.702 INFO  [32mLoaded 65 slash commands[39m 
05:08:47.703 INFO  [33mLoading contexts...[39m 
05:08:47.705 INFO  [32mLoaded 2 USER contexts[39m 
05:08:47.705 INFO  [32mLoaded 0 MESSAGE contexts[39m 
05:08:47.706 INFO  [33mLoading events...[39m 
05:08:47.719 INFO  [32mLoaded 15 events. Success (15) Failed (0)[39m 
05:08:47.719 INFO  [32mValidating config.js and environment variables[39m 
05:08:47.722 INFO  [33mLaunching dashboard[39m 
05:08:47.953 INFO  [33mConnecting to MongoDb...[39m 
05:08:47.957 INFO  Dashboard is listening on port 8080 
05:09:03.596 INFO  [32mMongoose: Database connection established [39m 
05:09:03.598 INFO  [32mGiveawayManager: Initialized Giveaways![39m 
06:39:39.842 INFO  [33mLoading commands...[39m 
06:39:39.866 DEBUG [31mSkipping command backup. Disabled![39m 
06:39:39.891 DEBUG [31mSkipping command muter. Disabled![39m 
06:39:39.891 DEBUG [33mSkipping slash command muter. Disabled![39m 
06:39:39.898 DEBUG [33mSkipping slash command avatar. Disabled![39m 
06:39:39.899 DEBUG [33mSkipping slash command botinvite. Disabled![39m 
06:39:39.901 DEBUG [33mSkipping slash command botstats. Disabled![39m 
06:39:39.902 DEBUG [33mSkipping slash command channelinfo. Disabled![39m 
06:39:39.903 DEBUG [33mSkipping slash command emojiinfo. Disabled![39m 
06:39:39.904 DEBUG [33mSkipping slash command guildinfo. Disabled![39m 
06:39:39.909 DEBUG [31mSkipping command bot. Disabled![39m 
06:39:39.910 DEBUG [31mSkipping command info. Disabled![39m 
06:39:39.911 DEBUG [33mSkipping slash command uptime. Disabled![39m 
06:39:39.911 DEBUG [33mSkipping slash command userinfo. Disabled![39m 
06:39:39.920 DEBUG [33mSkipping slash command deafen. Disabled![39m 
06:39:39.921 DEBUG [33mSkipping slash command disconnect. Disabled![39m 
06:39:39.923 DEBUG [33mSkipping slash command move. Disabled![39m 
06:39:39.924 DEBUG [33mSkipping slash command clear. Disabled![39m 
06:39:39.925 DEBUG [33mSkipping slash command clearattach. Disabled![39m 
06:39:39.926 DEBUG [33mSkipping slash command clearbots. Disabled![39m 
06:39:39.926 DEBUG [33mSkipping slash command clearlinks. Disabled![39m 
06:39:39.927 DEBUG [33mSkipping slash command clearspecifiedmessage. Disabled![39m 
06:39:39.927 DEBUG [33mSkipping slash command clearuser. Disabled![39m 
06:39:39.929 DEBUG [31mSkipping command clear. Disabled![39m 
06:39:39.930 DEBUG [31mSkipping command voice. Disabled![39m 
06:39:39.931 DEBUG [33mSkipping slash command undeafen. Disabled![39m 
06:39:39.931 DEBUG [33mSkipping slash command unmute. Disabled![39m 
06:39:39.932 DEBUG [33mSkipping slash command vmute. Disabled![39m 
06:39:39.932 DEBUG [33mSkipping slash command vunmute. Disabled![39m 
06:39:39.934 DEBUG [33mSkipping slash command kickall. Disabled![39m 
06:39:39.935 DEBUG [33mSkipping slash command run_agregation_script.flp=1@migratefrom=5. Disabled![39m 
06:39:39.936 DEBUG [33mSkipping slash command addpremium. Disabled![39m 
06:39:39.936 DEBUG [33mSkipping slash command reload. Disabled![39m 
06:39:39.944 DEBUG [33mSkipping slash command poststats. Disabled![39m 
06:39:39.945 DEBUG [33mSkipping slash command welcome-test. Disabled![39m 
06:39:39.955 DEBUG [33mSkipping slash command whitelist. Disabled![39m 
06:39:39.956 INFO  [32mLoaded 88 commands[39m 
06:39:39.956 INFO  [32mLoaded 65 slash commands[39m 
06:39:39.956 INFO  [33mLoading contexts...[39m 
06:39:39.958 INFO  [32mLoaded 2 USER contexts[39m 
06:39:39.958 INFO  [32mLoaded 0 MESSAGE contexts[39m 
06:39:39.960 INFO  [33mLoading events...[39m 
06:39:39.977 INFO  [32mLoaded 15 events. Success (15) Failed (0)[39m 
06:39:39.977 INFO  [32mValidating config.js and environment variables[39m 
06:39:39.980 INFO  [33mLaunching dashboard[39m 
06:39:40.254 INFO  [33mConnecting to MongoDb...[39m 
06:39:40.258 INFO  Dashboard is listening on port 8080 
06:39:46.528 ERROR Cannot read properties of null (reading 'id')
{}
TypeError: Cannot read properties of null (reading 'id')
    at C:\Users\izzyx\Documents\AIO\dashboard\utils.js:20:76
    at Array.forEach (<anonymous>)
    at Object.fetchUser (C:\Users\izzyx\Documents\AIO\dashboard\utils.js:13:21)
    at C:\Users\izzyx\Documents\AIO\dashboard\app.js:49:68
    at Layer.handle [as handle_request] (C:\Users\izzyx\Documents\AIO\node_modules\express\lib\router\layer.js:95:5)
    at trim_prefix (C:\Users\izzyx\Documents\AIO\node_modules\express\lib\router\index.js:328:13)
    at C:\Users\izzyx\Documents\AIO\node_modules\express\lib\router\index.js:286:9
    at Function.process_params (C:\Users\izzyx\Documents\AIO\node_modules\express\lib\router\index.js:346:12)
    at next (C:\Users\izzyx\Documents\AIO\node_modules\express\lib\router\index.js:280:10)
    at C:\Users\izzyx\Documents\AIO\node_modules\express-session\index.js:506:7
    at C:\Users\izzyx\Documents\AIO\node_modules\connect-mongo\build\main\lib\MongoStore.js:222:17
    at process.processTicksAndRejections (node:internal/process/task_queues:95:5) 
06:39:50.634 INFO  [32mMongoose: Database connection established [39m 
06:39:50.636 INFO  [32mGiveawayManager: Initialized Giveaways![39m 
06:40:35.098 INFO  [33mLoading commands...[39m 
06:40:35.119 DEBUG [31mSkipping command backup. Disabled![39m 
06:40:35.140 DEBUG [31mSkipping command muter. Disabled![39m 
06:40:35.141 DEBUG [33mSkipping slash command muter. Disabled![39m 
06:40:35.148 DEBUG [33mSkipping slash command avatar. Disabled![39m 
06:40:35.148 DEBUG [33mSkipping slash command botinvite. Disabled![39m 
06:40:35.150 DEBUG [33mSkipping slash command botstats. Disabled![39m 
06:40:35.151 DEBUG [33mSkipping slash command channelinfo. Disabled![39m 
06:40:35.152 DEBUG [33mSkipping slash command emojiinfo. Disabled![39m 
06:40:35.153 DEBUG [33mSkipping slash command guildinfo. Disabled![39m 
06:40:35.158 DEBUG [31mSkipping command bot. Disabled![39m 
06:40:35.159 DEBUG [31mSkipping command info. Disabled![39m 
06:40:35.159 DEBUG [33mSkipping slash command uptime. Disabled![39m 
06:40:35.160 DEBUG [33mSkipping slash command userinfo. Disabled![39m 
06:40:35.168 DEBUG [33mSkipping slash command deafen. Disabled![39m 
06:40:35.169 DEBUG [33mSkipping slash command disconnect. Disabled![39m 
06:40:35.171 DEBUG [33mSkipping slash command move. Disabled![39m 
06:40:35.172 DEBUG [33mSkipping slash command clear. Disabled![39m 
06:40:35.172 DEBUG [33mSkipping slash command clearattach. Disabled![39m 
06:40:35.173 DEBUG [33mSkipping slash command clearbots. Disabled![39m 
06:40:35.173 DEBUG [33mSkipping slash command clearlinks. Disabled![39m 
06:40:35.174 DEBUG [33mSkipping slash command clearspecifiedmessage. Disabled![39m 
06:40:35.174 DEBUG [33mSkipping slash command clearuser. Disabled![39m 
06:40:35.176 DEBUG [31mSkipping command clear. Disabled![39m 
06:40:35.177 DEBUG [31mSkipping command voice. Disabled![39m 
06:40:35.178 DEBUG [33mSkipping slash command undeafen. Disabled![39m 
06:40:35.178 DEBUG [33mSkipping slash command unmute. Disabled![39m 
06:40:35.179 DEBUG [33mSkipping slash command vmute. Disabled![39m 
06:40:35.179 DEBUG [33mSkipping slash command vunmute. Disabled![39m 
06:40:35.181 DEBUG [33mSkipping slash command kickall. Disabled![39m 
06:40:35.181 DEBUG [33mSkipping slash command run_agregation_script.flp=1@migratefrom=5. Disabled![39m 
06:40:35.182 DEBUG [33mSkipping slash command addpremium. Disabled![39m 
06:40:35.183 DEBUG [33mSkipping slash command reload. Disabled![39m 
06:40:35.190 DEBUG [33mSkipping slash command poststats. Disabled![39m 
06:40:35.191 DEBUG [33mSkipping slash command welcome-test. Disabled![39m 
06:40:35.200 DEBUG [33mSkipping slash command whitelist. Disabled![39m 
06:40:35.200 INFO  [32mLoaded 88 commands[39m 
06:40:35.201 INFO  [32mLoaded 65 slash commands[39m 
06:40:35.201 INFO  [33mLoading contexts...[39m 
06:40:35.203 INFO  [32mLoaded 2 USER contexts[39m 
06:40:35.203 INFO  [32mLoaded 0 MESSAGE contexts[39m 
06:40:35.204 INFO  [33mLoading events...[39m 
06:40:35.218 INFO  [32mLoaded 15 events. Success (15) Failed (0)[39m 
06:40:35.218 INFO  [32mValidating config.js and environment variables[39m 
06:40:35.221 INFO  [33mLaunching dashboard[39m 
06:40:35.452 INFO  [33mConnecting to MongoDb...[39m 
06:40:35.456 INFO  Dashboard is listening on port 8080 
06:40:41.350 ERROR Cannot read properties of null (reading 'id')
{}
TypeError: Cannot read properties of null (reading 'id')
    at C:\Users\izzyx\Documents\AIO\dashboard\utils.js:20:76
    at Array.forEach (<anonymous>)
    at Object.fetchUser (C:\Users\izzyx\Documents\AIO\dashboard\utils.js:13:21)
    at C:\Users\izzyx\Documents\AIO\dashboard\app.js:49:68
    at Layer.handle [as handle_request] (C:\Users\izzyx\Documents\AIO\node_modules\express\lib\router\layer.js:95:5)
    at trim_prefix (C:\Users\izzyx\Documents\AIO\node_modules\express\lib\router\index.js:328:13)
    at C:\Users\izzyx\Documents\AIO\node_modules\express\lib\router\index.js:286:9
    at Function.process_params (C:\Users\izzyx\Documents\AIO\node_modules\express\lib\router\index.js:346:12)
    at next (C:\Users\izzyx\Documents\AIO\node_modules\express\lib\router\index.js:280:10)
    at C:\Users\izzyx\Documents\AIO\node_modules\express-session\index.js:506:7
    at C:\Users\izzyx\Documents\AIO\node_modules\connect-mongo\build\main\lib\MongoStore.js:222:17
    at process.processTicksAndRejections (node:internal/process/task_queues:95:5) 
06:40:51.110 INFO  [32mMongoose: Database connection established [39m 
06:40:51.112 INFO  [32mGiveawayManager: Initialized Giveaways![39m 
